<?xml version="1.0" encoding="UTF-8"?>
<testng-results skipped="0" failed="0" ignored="0" total="1" passed="1">
  <reporter-output>
  </reporter-output>
  <suite name="Default suite" duration-ms="10215" started-at="2022-07-29T17:21:12 CDT" finished-at="2022-07-29T17:21:22 CDT">
    <groups>
    </groups>
    <test name="Default test" duration-ms="10215" started-at="2022-07-29T17:21:12 CDT" finished-at="2022-07-29T17:21:22 CDT">
      <class name="test.AddCustomerTest">
        <test-method status="PASS" signature="userShouldBeAbleToCreateCustomer()[pri:0, instance:test.AddCustomerTest@fba92d3]" name="userShouldBeAbleToCreateCustomer" duration-ms="10187" started-at="2022-07-29T17:21:12 CDT" finished-at="2022-07-29T17:21:22 CDT">
          <reporter-output>
          </reporter-output>
        </test-method> <!-- userShouldBeAbleToCreateCustomer -->
      </class> <!-- test.AddCustomerTest -->
    </test> <!-- Default test -->
  </suite> <!-- Default suite -->
</testng-results>
